==87297== Cachegrind, a cache and branch-prediction profiler
==87297== Copyright (C) 2002-2017, and GNU GPL'd, by Nicholas Nethercote et al.
==87297== Using Valgrind-3.15.0 and LibVEX; rerun with -h for copyright info
==87297== Command: ./build_vg/spmv --mode seq --matrix data/1138_bus.mtx --repeat 1
==87297== 
--87297-- warning: L3 cache found, using its data for the LL simulation.
--87297-- warning: specified LL cache: line_size 64  assoc 11  total_size 37,486,592
--87297-- warning: simulated LL cache: line_size 64  assoc 18  total_size 37,748,736
Matrix: 1138_bus.mtx  Mode=seq  Repeat=1
Saved reference: results/ref/1138_bus.mtx.ref
Real chunk used: 0
Correctness check: NA (seq mode)
==87297== 
==87297== I   refs:      11,457,888
==87297== I1  misses:         2,901
==87297== LLi misses:         2,479
==87297== I1  miss rate:       0.03%
==87297== LLi miss rate:       0.02%
==87297== 
==87297== D   refs:       3,708,373  (2,598,602 rd   + 1,109,771 wr)
==87297== D1  misses:        43,413  (   34,841 rd   +     8,572 wr)
==87297== LLd misses:        16,301  (   11,065 rd   +     5,236 wr)
==87297== D1  miss rate:        1.2% (      1.3%     +       0.8%  )
==87297== LLd miss rate:        0.4% (      0.4%     +       0.5%  )
==87297== 
==87297== LL refs:           46,314  (   37,742 rd   +     8,572 wr)
==87297== LL misses:         18,780  (   13,544 rd   +     5,236 wr)
==87297== LL miss rate:         0.1% (      0.1%     +       0.5%  )
==87297== 
==87297== Branches:       2,058,649  (2,029,026 cond +    29,623 ind)
==87297== Mispredicts:      118,462  (  107,196 cond +    11,266 ind)
==87297== Mispred rate:         5.8% (      5.3%     +      38.0%   )
