==87583== Cachegrind, a cache and branch-prediction profiler
==87583== Copyright (C) 2002-2017, and GNU GPL'd, by Nicholas Nethercote et al.
==87583== Using Valgrind-3.15.0 and LibVEX; rerun with -h for copyright info
==87583== Command: ./build_vg/spmv --mode omp --matrix data/pdb1HYS.mtx --threads 24 --schedule static --chunk 16 --repeat 1
==87583== 
--87583-- warning: L3 cache found, using its data for the LL simulation.
--87583-- warning: specified LL cache: line_size 64  assoc 11  total_size 37,486,592
--87583-- warning: simulated LL cache: line_size 64  assoc 18  total_size 37,748,736
==87583== brk segment overflow in thread #1: can't grow to 0x530d000
==87583== (see section Limitations in user manual)
==87583== NOTE: further instances of this message will not be shown
Matrix: pdb1HYS.mtx  Mode=omp  Repeat=1
Threads=24  Schedule=static  Requested chunk=16
Loaded reference: results/ref/pdb1HYS.mtx.ref
Real chunk used: 16
Max abs diff seq vs omp = 0.000000000000000
==87583== 
==87583== I   refs:      8,564,614,265
==87583== I1  misses:            3,302
==87583== LLi misses:            3,213
==87583== I1  miss rate:          0.00%
==87583== LLi miss rate:          0.00%
==87583== 
==87583== D   refs:      2,676,671,439  (1,896,211,622 rd   + 780,459,817 wr)
==87583== D1  misses:       25,696,565  (   19,904,986 rd   +   5,791,579 wr)
==87583== LLd misses:       10,412,877  (    4,982,224 rd   +   5,430,653 wr)
==87583== D1  miss rate:           1.0% (          1.0%     +         0.7%  )
==87583== LLd miss rate:           0.4% (          0.3%     +         0.7%  )
==87583== 
==87583== LL refs:          25,699,867  (   19,908,288 rd   +   5,791,579 wr)
==87583== LL misses:        10,416,090  (    4,985,437 rd   +   5,430,653 wr)
==87583== LL miss rate:            0.1% (          0.0%     +         0.7%  )
==87583== 
==87583== Branches:      1,637,951,764  (1,618,206,432 cond +  19,745,332 ind)
==87583== Mispredicts:      83,183,341  (   74,419,988 cond +   8,763,353 ind)
==87583== Mispred rate:            5.1% (          4.6%     +        44.4%   )
